0 info it worked if it ends with ok
1 verbose cli [ '/usr/bin/node', '/usr/bin/npm', 'publish' ]
2 info using npm@3.5.2
3 info using node@v8.10.0
4 verbose publish [ '.' ]
5 silly cache add args [ '.', null ]
6 verbose cache add spec .
7 silly cache add parsed spec Result {
7 silly cache add   raw: '.',
7 silly cache add   scope: null,
7 silly cache add   name: null,
7 silly cache add   rawSpec: '.',
7 silly cache add   spec: '/home/francisco/Escritorio/platzom',
7 silly cache add   type: 'directory' }
8 verbose addLocalDirectory /home/francisco/.npm/platzom/0.1.0/package.tgz not in flight; packing
9 info lifecycle platzom@0.1.0~prepublish: platzom@0.1.0
10 silly lifecycle platzom@0.1.0~prepublish: no script for prepublish, continuing
11 verbose tar pack [ '/home/francisco/.npm/platzom/0.1.0/package.tgz',
11 verbose tar pack   '/home/francisco/Escritorio/platzom' ]
12 verbose tarball /home/francisco/.npm/platzom/0.1.0/package.tgz
13 verbose folder /home/francisco/Escritorio/platzom
14 verbose addLocalTarball adding from inside cache /home/francisco/.npm/platzom/0.1.0/package.tgz
15 silly cache afterAdd platzom@0.1.0
16 verbose afterAdd /home/francisco/.npm/platzom/0.1.0/package/package.json not in flight; writing
17 verbose afterAdd /home/francisco/.npm/platzom/0.1.0/package/package.json written
18 silly publish { name: 'platzom',
18 silly publish   version: '0.1.0',
18 silly publish   description: 'Traductor de idiomaplatzom',
18 silly publish   main: 'dist/src/platzom.js',
18 silly publish   scripts: { build: 'babel src/platzom.js -d dist', test: 'mocha' },
18 silly publish   repository:
18 silly publish    { type: 'git',
18 silly publish      url: 'git+https://github.com/franjorub/platzom.git' },
18 silly publish   keywords: [ 'platzom', 'platzi', 'fundamentos', 'javascript', 'js' ],
18 silly publish   author:
18 silly publish    { name: 'Francisco Rubial',
18 silly publish      email: 'franjorub@gmail.com',
18 silly publish      url: 'https://franciscorubial.com.ve' },
18 silly publish   license: 'MIT',
18 silly publish   bugs: { url: 'https://github.com/franjorub/platzom/issues' },
18 silly publish   homepage: 'https://github.com/franjorub/platzom#readme',
18 silly publish   devDependencies:
18 silly publish    { 'babel-cli': '^6.26.0',
18 silly publish      'babel-preset-env': '^1.6.1',
18 silly publish      chai: '^4.1.2',
18 silly publish      mocha: '^5.1.1' },
18 silly publish   readme: '# Platzom\n\nPlatzom es un idioma inventado para el [Curso de Fundamentos de JavaScript](https://platzi.com/js) de [Platzi](https://platzi.com), el mejor lugar de educación online\n\n## Descripción del idioma\n\n- Si la palabra termina con "ar", se le quitan esas dos letras\n- Si la palabra inicia con Z, se le añade "pe" al final\n- Si la palabra traducida tiene 10 o más letras, se debe partir en dos por la mitad y unir con un guión medio\n- Por último, si la palabra original es un palíndromo, ninguna regla anterior cuenta y se devuelve la misma palabra pero intercalando letras mayúsculas y minúsculas\n\n## Instalación\n\n```\nnpm install platzom\n```\n\n## Uso\n\n```\nimport platzom from \'platzom\'\n\nplatzom("Programar") // Program\nplatzom("Zorro") // Zorrope\nplatzom("Zarpar") // Zarppe\nplatzom("abecedario") // abece-dario\nplatzom("sometemos") // SoMeTeMoS\n```\n\n## Créditos\n- [Sacha Lifszyc](https://twitter.com/@slifszyc)\n\n## Licencia\n\n[MIT](https://opensource.org/licenses/MIT)',
18 silly publish   readmeFilename: 'README.md',
18 silly publish   gitHead: 'b461eeaf73e4537a079be9059aa259ab962f6c67',
18 silly publish   _id: 'platzom@0.1.0',
18 silly publish   _shasum: '9bd176724fc4d2d7dfeb531a5d3b045625184810',
18 silly publish   _from: '.' }
19 verbose getPublishConfig undefined
20 silly mapToRegistry name platzom
21 silly mapToRegistry using default registry
22 silly mapToRegistry registry https://registry.npmjs.org/
23 silly mapToRegistry uri https://registry.npmjs.org/platzom
24 verbose publish registryBase https://registry.npmjs.org/
25 silly publish uploading /home/francisco/.npm/platzom/0.1.0/package.tgz
26 verbose request uri https://registry.npmjs.org/platzom
27 verbose request sending authorization for write operation
28 info attempt registry request try #1 at 3:37:19 PM
29 verbose request using bearer token for auth
30 verbose request id 6993d4c51e36ceea
31 http request PUT https://registry.npmjs.org/platzom
32 http 403 https://registry.npmjs.org/platzom
33 verbose headers { 'content-type': 'application/json',
33 verbose headers   'cache-control': 'max-age=300',
33 verbose headers   'content-length': '101',
33 verbose headers   'accept-ranges': 'bytes',
33 verbose headers   date: 'Tue, 01 May 2018 19:37:20 GMT',
33 verbose headers   via: '1.1 varnish',
33 verbose headers   connection: 'keep-alive',
33 verbose headers   'x-served-by': 'cache-mia17629-MIA',
33 verbose headers   'x-cache': 'MISS',
33 verbose headers   'x-cache-hits': '0',
33 verbose headers   'x-timer': 'S1525203440.109078,VS0,VE349',
33 verbose headers   vary: 'Accept-Encoding, Accept' }
34 verbose request invalidating /home/francisco/.npm/registry.npmjs.org/platzom on PUT
35 error publish Failed PUT 403
36 verbose stack Error: You do not have permission to publish "platzom". Are you logged in as the correct user? : platzom
36 verbose stack     at makeError (/usr/share/npm/node_modules/npm-registry-client/lib/request.js:264:12)
36 verbose stack     at CachingRegistryClient.<anonymous> (/usr/share/npm/node_modules/npm-registry-client/lib/request.js:252:14)
36 verbose stack     at Request._callback (/usr/share/npm/node_modules/npm-registry-client/lib/request.js:172:14)
36 verbose stack     at Request.self.callback (/usr/share/npm/node_modules/request/request.js:198:22)
36 verbose stack     at emitTwo (events.js:126:13)
36 verbose stack     at Request.emit (events.js:214:7)
36 verbose stack     at Request.<anonymous> (/usr/share/npm/node_modules/request/request.js:1082:10)
36 verbose stack     at emitOne (events.js:121:20)
36 verbose stack     at Request.emit (events.js:211:7)
36 verbose stack     at IncomingMessage.<anonymous> (/usr/share/npm/node_modules/request/request.js:1009:12)
37 verbose statusCode 403
38 verbose pkgid platzom
39 verbose cwd /home/francisco/Escritorio/platzom
40 error Linux 4.15.0-20-generic
41 error argv "/usr/bin/node" "/usr/bin/npm" "publish"
42 error node v8.10.0
43 error npm  v3.5.2
44 error code E403
45 error You do not have permission to publish "platzom". Are you logged in as the correct user? : platzom
46 error If you need help, you may report this error at:
46 error     <https://github.com/npm/npm/issues>
47 verbose exit [ 1, true ]
